160

4 28 28 35 93
4 93 93 190 197
4 286 197 369 420
4 420 369 441 33
4 33 441 482 1
4 482 165 1 21
4 21 326 322 330
4 299 1 454 330
4 322 315 154 454
4 154 330 334 454
4 11 454 492 72
4 72 352 120 414
4 170 414 182 73
4 213 156 73 182
4 443 301 337 182
4 495 337 48 38
4 38 0 48 462
4 166 484 48 155
4 210 48 155 261
4 264 261 155 350
4 448 350 298 329
4 486 451 329 376
4 5 376 463 15
4 19 463 20 15
4 147 15 175 60
4 219 60 193 181
4 208 181 231 249
4 258 249 231 236
4 292 288 311 236
4 320 277 367 356
4 385 356 396 360
4 419 360 430 439
4 433 405 311 430
4 6 445 430 3
4 23 498 13 499
4 24 499 8 13
4 31 8 65 71
4 90 65 117 121
4 105 71 99 117
4 139 99 177 121
4 180 163 177 192
4 203 121 177 218
4 268 177 242 225
4 294 218 242 278
4 278 225 336 328
4 351 242 353 362
4 336 283 328 388
4 362 328 375 392
4 392 375 388 399
4 399 388 403 422
4 424 407 427 437
4 431 427 403 438
4 442 438 447 459
4 16 447 459 497
4 29 26 32 459
4 22 497 41 44
4 32 27 36 41
4 41 36 46 69
4 56 46 66 79
4 69 66 79 81
3 79 76 80
3 106 80 107
3 104 95 109
3 109 107 116
3 116 114 119
3 132 128 138
3 136 119 138
3 152 138 153
3 153 144 172
3 172 160 174
3 186 174 200
3 200 198 217
3 217 204 226
3 237 226 247
3 247 245 259
3 259 251 267
3 274 267 282
3 289 282 295
3 295 284 325
3 325 304 332
3 341 332 361
3 361 359 372
3 378 363 372
3 379 372 390
3 432 390 425
3 450 395 453
3 425 411 460
3 2 494 460
3 4 453 468
3 30 468 39
3 39 37 49
3 49 42 57
3 57 51 58
3 63 58 68
3 77 68 83
3 82 74 83
3 84 83 88
3 98 88 102
3 102 94 103
3 118 103 125
3 126 125 130
3 131 130 134
3 135 134 140
3 142 140 145
3 146 145 157
3 161 157 168
3 169 168 173
3 176 173 179
3 183 179 194
3 202 191 194
3 209 194 215
3 215 211 216
3 222 216 224
3 227 224 229
3 232 229 239
3 241 239 246
3 248 246 253
3 255 253 260
3 270 260 272
3 272 262 275
2 287 275
2 293 291
2 297 296
2 305 303
2 309 308
2 313 312
2 317 314
2 318 316
2 323 321
2 331 327
2 338 335
2 342 340
2 344 343
2 349 346
2 355 354
2 366 357
2 370 368
2 381 374
2 382 380
2 386 383
2 393 389
2 402 398
2 406 404
2 413 408
2 416 415
2 418 417
2 428 426
2 436 435
2 456 440
2 458 457
2 465 464
2 469 466
2 471 470
2 477 476
2 479 478
2 481 480
2 485 483
2 488 487
2 491 489
2 <__main__.Pizza object at 0x0000013E215EA400> <__main__.Pizza object at 0x0000013E215EA550>