1628

4 5121 5357 8148 6404
4 8785 6255 9906 5583
4 2589 8148 6404 9906
4 5231 3987 7529 6584
4 6735 9487 6404 5796
4 5796 4386 7529 2584
4 6655 998 7710 1756
4 7569 8754 2861 1756
4 5515 7704 59 2861
4 8452 7923 7262 6632
4 7262 6632 8873 9612
4 1729 820 604 8407
4 5905 8873 604 398
4 5886 4848 8603 398
4 8603 604 7064 9354
4 9529 8437 7064 6839
4 5744 1524 9354 6839
4 3904 6823 7549 6839
4 7108 3626 4100 9483
4 4233 6839 5416 2545
4 9383 9620 2545 6476
4 4041 5416 8479 2545
4 973 3697 370 2545
4 4644 2155 847 5427
4 3135 370 4863 9247
4 1492 2222 4863 3015
4 7168 2752 9618 7792
4 5570 5363 453 2687
4 453 4631 7100 44
4 8775 44 9765 1561
4 1423 461 1561 4036
4 2932 2687 8004 8287
4 6640 4036 8287 5616
4 5918 3715 5616 8287
4 674 9765 2096 9813
4 3420 2096 8591 5090
4 2935 666 5090 5251
4 4695 7936 3825 1677
4 2598 9813 1081 3825
4 5592 5001 4147 3825
4 6196 1388 8384 5251
4 7525 8689 8119 9818
4 948 1677 8119 4106
4 8911 5989 8119 4106
4 4194 8320 9888 4106
4 5083 4473 6613 5052
4 8585 5052 5211 7369
4 3149 9128 132 7369
4 2246 132 7369 2968
4 876 2968 8777 2459
4 8240 7863 8814 7819
4 8837 7577 8814 962
4 8991 962 9256 3457
4 9256 7368 110 7208
4 110 752 2728 2196
4 2728 2196 7950 7290
4 9267 8636 8641 2212
4 8641 3176 2212 2499
4 5602 6240 281 2212
4 7259 2212 714 3656
4 4090 3656 714 2064
4 7834 2064 9894 3678
4 839 9019 9894 4916
4 7945 3024 4916 3765
4 1004 3765 4961 4405
4 5945 4405 2548 1115
4 2124 7937 1115 9965
4 3272 3302 7198 9965
4 3795 5048 9986 8152
4 2141 8152 7104 9986
4 9986 9965 9295 2070
4 4702 6677 9295 2008
4 6495 9295 854 5773
4 8058 7135 854 1707
4 1164 7104 1214 7927
4 7201 7927 1214 7540
4 1214 4430 443 7540
4 8639 5046 443 7540
4 8063 7409 7896 7540
4 1341 5214 5653 7896
4 5653 7896 1146 976
4 4964 1830 7961 1146
4 6176 976 1146 9307
4 7313 1146 6702 3463
4 6107 3463 4983 82
4 3047 8612 5772 82
4 4135 5772 3940 9568
4 3940 5295 3607 5982
4 5713 3607 2727 3096
4 3896 2274 7595 2964
4 1353 6252 3566 9305
4 3566 3228 2964 2727
4 5310 4322 8485 1210
4 3293 7305 1851 887
4 6168 7136 7543 4406
4 1851 8485 4925 7543
4 9433 71 1203 7543
4 1203 1988 9866 6935
4 1671 6550 5625 9866
4 7 9129 1812 9866
4 1812 6935 7145 3437
4 4141 9866 3437 7145
4 4131 7145 5219 3437
4 3114 1450 1322 2456
4 8851 7579 3437 4167
4 4167 7326 4235 9552
4 3042 2456 9552 4235
4 1742 9552 1094 7359
4 4655 7359 7231 5006
4 9539 7583 5652 9690
4 1934 7231 1094 532
4 2686 9690 2962 4561
4 8803 532 2962 7715
4 3844 7715 2481 727
4 2481 9263 1050 1895
4 4475 727 2962 1050
4 3357 6957 723 2759
4 8387 8250 4102 2759
4 9917 9532 6129 1895
4 4374 62 2982 1050
4 2293 9235 2982 1946
4 8332 2982 3519 1946
4 7032 8736 7308 7196
4 8010 859 213 4320
4 4320 7648 1946 1591
4 1591 7308 9196 2045
4 4076 1724 5163 9063
4 2342 2060 3337 9196
4 4619 3337 5777 9063
4 850 6882 7725 6611
4 6178 1568 2652 9106
4 992 8767 6611 2652
4 2544 9119 8644 2652
4 4912 4638 9106 5172
4 1433 8644 4995 9966
4 2642 5172 9966 4995
4 3648 2085 9747 2749
4 6558 4995 586 2749
4 5729 586 9344 201
4 201 2749 9344 5686
4 7494 9576 6038 6534
4 2828 7451 5686 9344
4 7643 8601 6038 4139
4 6567 6571 4139 5931
4 774 3257 7148 2628
4 7148 5931 5156 4550
4 403 3889 1763 8397
4 2323 7545 9542 328
4 8186 1763 5156 4150
4 6134 4244 2862 9542
4 3112 328 2795 4150
4 2300 6537 4058 7862
4 18 3475 9151 8997
4 58 4150 4959 8997
4 8865 4959 8187 7862
4 2213 6467 1383 2036
4 2814 8997 7079 1383
4 8233 1383 8242 7316
4 5366 7079 7316 3708
4 3840 7316 3869 3708
4 4480 8267 5609 6147
4 7166 5081 1711 5609
4 778 9528 8506 6147
4 5845 1711 3842 7673
4 2305 446 2123 8616
4 9320 3708 8616 9243
4 9873 2123 9243 1049
4 3583 9243 8616 3526
4 3526 2267 1936 5540
4 245 5540 2313 3126
4 8430 654 5096 2243
4 5096 1839 1552 3126
4 3126 2243 6359 9605
4 3913 6359 2023 6123
4 2985 7944 7267 6123
4 5324 1509 5136 7726
4 5136 3950 2944 8509
4 7953 8509 9514 4284
4 373 4551 4284 8036
4 6300 2920 8036 8286
4 7008 7385 4902 8286
4 3745 8286 6777 1767
4 6842 1767 6777 5209
4 7522 4498 2535 1845
4 3632 3618 1231 9784
4 9289 7466 1845 5209
4 65 6481 7922 3253
4 2674 1427 3253 7922
4 9856 6060 2718 177
4 177 3253 2718 6989
4 2718 7922 6985 9722
4 463 6985 2817 9722
4 5622 7026 2994 7700
4 1359 2994 8026 7700
4 7920 4151 9722 7756
4 780 9111 8346 5919
4 4965 7756 1096 2941
4 7050 4516 1996 2941
4 8721 2941 8563 1096
4 1817 1096 6313 1357
4 1357 9691 6313 8697
4 8253 7212 2619 745
4 9252 6313 522 745
4 3485 2571 522 1085
4 7209 2619 1336 4951
4 103 5962 717 4951
4 2009 745 3356 4582
4 717 1336 6363 9443
4 9443 6363 1861 4582
4 6477 4352 1861 2112
4 8477 3356 251 709
4 6426 2112 67 251
4 5891 67 3368 2905
4 3443 2905 8811 5909
4 8199 3368 9123 6994
4 1340 6994 6 257
4 4259 645 6 5793
4 5793 9154 214 2536
4 7671 5492 1976 7629
4 1510 9124 214 8614
4 3379 2095 1787 8751
4 6415 214 9325 9585
4 1701 9585 4884 7330
4 4293 1202 4477 7330
4 4477 7330 7489 9546
4 3062 8947 4134 4357
4 9806 4357 9629 3308
4 1820 9629 2957 3308
4 6666 3308 4557 2957
4 8501 1001 8200 8923
4 9363 8163 8200 5593
4 1717 2957 5149 5330
4 877 8200 8529 5330
4 4222 8529 1975 5149
4 5518 9974 1975 5330
4 6956 5733 8779 7934
4 5991 1740 1505 1975
4 7391 1975 6297 6342
4 6297 8003 1800 1505
4 7613 1800 2776 4977
4 8651 1505 2776 1351
4 296 2776 924 2575
4 3730 2575 924 1351
4 7415 1364 6188 4331
4 1249 4331 3750 8040
4 8431 7677 8040 2245
4 7153 5758 6188 5970
4 5970 3120 1522 4572
4 1522 791 7647 8915
4 9419 8915 4572 8040
4 2509 1747 7647 4415
4 5028 4161 7647 4415
4 1743 8168 4717 9550
4 8449 4415 7699 3473
4 7972 3473 8579 8056
4 8579 7699 8056 1714
4 5835 5683 1714 3655
4 5728 8056 2043 1714
4 8418 5074 9271 6616
4 902 6616 9271 1714
4 1673 55 6273 9271
4 8866 6419 7250 301
4 7250 3087 1200 631
4 5720 6273 264 3830
4 8548 8470 1200 3830
4 3830 264 197 8607
4 1889 197 797 8607
4 4870 797 6742 7524
4 7524 1636 3834 9566
4 9566 3834 9853 1508
4 9853 3223 3167 5553
4 8702 1508 6226 6309
4 8487 3167 9797 5155
4 3137 407 9797 4960
4 6336 3978 8659 6377
4 6377 5155 4960 4367
4 5864 4367 3905 6192
4 5375 1810 3905 7436
4 8183 7436 3905 7155
4 3557 1948 3673 2612
4 1998 1228 7155 4649
4 2486 2612 3870 730
4 8671 3791 3271 6384
4 6384 4649 3870 9718
4 6769 6058 9718 4200
4 4200 4043 3001 3870
4 5308 9952 283 2353
4 8707 283 6747 8940
4 1429 9746 3001 9265
4 7253 3944 3857 9265
4 5476 6747 85 9871
4 6662 6010 1912 7302
4 7302 9871 5170 9078
4 5170 85 3997 9078
4 7412 3997 1140 8677
4 263 8677 9507 9078
4 915 8297 1587 1853
4 1587 1040 8204 1853
4 4532 1853 9507 7118
4 2927 1720 6578 4179
4 7880 7118 4607 8453
4 5203 4607 6146 3028
4 7095 6012 6146 6483
4 3022 513 6146 7103
4 5849 5803 7103 8453
4 7978 3728 3885 6110
4 9695 8670 6320 995
4 1821 3885 634 1378
4 634 464 2585 6757
4 1253 1037 7617 8964
4 8964 6757 3518 2585
4 6370 4474 7296 3518
4 4883 1378 1073 4617
4 8929 4617 1681 1073
4 5174 1681 1073 7603
4 5197 3877 3736 6444
4 8932 4307 6444 7861
4 1923 6444 1684 1526
4 1526 9908 1684 3248
4 3375 1684 3248 7861
4 8895 7759 3248 8692
4 9359 8692 1152 1116
4 2937 5785 137 1116
4 7536 1116 137 4439
4 5902 4038 4439 520
4 2488 1571 1152 520
4 4292 8328 3511 520
4 6367 5278 5462 4439
4 9880 3511 7870 2592
4 2798 5462 8874 8956
4 2592 8874 7678 8637
4 9197 7823 8637 916
4 8637 7678 5341 1833
4 5341 3055 6656 1833
4 6656 5823 5547 7041
4 9769 7041 174 172
4 56 5547 172 174
4 4946 9849 4668 5705
4 4668 174 172 2566
4 9425 2566 5941 6605
4 9907 8527 5941 6965
4 5998 1726 5378 6965
4 760 2185 6938 9984
4 6938 5378 5503 2368
4 5503 9984 2368 7130
4 3050 145 529 3769
4 3769 7215 2368 7238
4 9350 7363 9014 7238
4 8516 4604 844 738
4 844 451 9014 738
4 2106 688 3516 1570
4 4731 4663 5151 738
4 6856 5151 3746 5446
4 9092 1570 208 525
4 525 7740 5446 8931
4 2716 208 5271 3134
4 9168 6752 8714 556
4 912 8931 3134 5271
4 8714 3134 2766 5325
4 6205 2165 2766 5579
4 5579 1827 7218 6364
4 6364 2766 6540 9895
4 139 6540 164 9895
4 4093 9895 3540 3104
4 7149 3104 7624 8239
4 2007 8239 9121 9741
4 2649 9121 4491 3258
4 3258 2221 2295 4491
4 8673 7558 2295 8833
4 1648 9214 1589 7518
4 4230 1963 8833 9182
4 5017 8833 8059 8161
4 2804 5013 5948 8059
4 6052 5574 5899 8161
4 7499 5627 5948 1589
4 8824 7839 5899 8650
4 9246 8650 8044 2309
4 628 9594 480 2879
4 7152 480 3691 5056
4 6149 3691 87 7692
4 7692 2879 642 8198
4 2848 87 7983 6680
4 1015 8617 8198 6680
4 3029 1825 2590 2836
4 6102 2127 3276 6623
4 6721 2590 3276 6680
4 2125 9719 2811 9490
4 5879 2811 3276 656
4 7752 7151 656 7278
4 6645 6215 8305 9588
4 289 8653 900 6157
4 8305 7278 1876 1735
4 6036 2872 900 1735
4 4555 178 9414 6731
4 9471 6731 9414 28
4 9414 7954 206 1620
4 3692 3677 1620 3239
4 5513 3239 1735 28
4 6256 4859 5487 28
4 1856 9286 1159 5487
4 4671 2538 1159 8652
4 590 931 9852 8652
4 2226 5824 5815 8652
4 4170 8652 7375 5815
4 9499 9382 5815 8578
4 3527 2697 6350 3808
4 3891 3808 6531 4522
4 8578 6703 1819 4522
4 3132 2999 3092 4496
4 1129 1819 4522 5058
4 6152 5981 4792 7764
4 5058 4522 5559 7764
4 1877 151 7764 307
4 4054 5559 6206 1260
4 6443 8258 6206 307
4 8468 307 1874 6206
4 5094 53 6053 1874
4 7875 1874 6206 8342
4 9637 8342 9238 1718
4 236 7105 8684 9238
4 1562 8684 290 1642
4 4725 3573 290 6053
4 8967 7542 6228 7734
4 2091 2190 7734 4997
4 4611 1888 2428 4814
4 6306 2428 4857 7512
4 7777 4857 4997 4814
4 4661 1704 9748 1884
4 5371 4814 7610 5418
4 5418 4055 1884 7610
4 3297 7610 4091 9714
4 4774 1884 9714 4692
4 5710 9714 4091 4592
4 7993 4091 4692 6932
4 9530 6932 8907 8035
4 9864 9761 8032 4692
4 540 8035 2765 2020
4 5644 1445 4703 2020
4 7406 7286 6849 4703
4 648 7659 2020 9376
4 9376 7219 362 1282
4 1282 6155 2854 3912
4 4066 2854 4381 5044
4 4716 3912 362 4381
4 2565 4381 6557 1440
4 3802 6557 3654 3945
4 2254 5235 3945 3654
4 3945 3654 7090 5035
4 6326 5035 7526 7841
4 8176 7090 7841 898
4 1595 9976 1023 898
4 3553 898 7841 7526
4 5671 3531 4656 6365
4 5020 4656 4904 6733
4 1598 7594 9016 534
4 9016 7003 4064 4904
4 2806 6733 4064 5916
4 6380 6366 7382 3567
4 9922 9650 7382 4064
4 1467 6976 1406 7733
4 3422 1339 2457 2081
4 4773 1406 4089 2081
4 5389 7733 2081 5530
4 1332 6289 8333 1533
4 5355 1723 8333 6673
4 7374 2081 7432 2320
4 7683 7432 7356 6436
4 404 147 210 9220
4 9453 9368 1471 2320
4 4879 210 5336 1471
4 6988 5336 3760 6800
4 3906 1471 6800 8861
4 33 5898 6800 7914
4 1584 9456 1422 489
4 689 489 4495 1422
4 1422 6800 1609 909
4 909 8019 1609 4495
4 4720 146 5489 5178
4 6490 5457 1609 5178
4 8938 8715 4375 7821
4 8889 7821 9468 9879
4 3704 5178 9468 9879
4 5551 4011 2389 5086
4 7419 5086 5633 4766
4 7818 9468 7768 7785
4 9043 5633 4639 8648
4 8648 7768 737 2398
4 2398 737 7943 2874
4 5869 2874 5856 3582
4 5856 7534 7230 7249
4 7530 7249 8150 7230
4 9361 8894 9684 9561
4 1529 3582 2260 8150
4 2260 9684 8150 6016
4 3595 9561 3914 6016
4 8845 7175 9703 9072
4 2129 9072 1922 6016
4 3559 3153 3352 3299
4 3299 3914 4953 1922
4 1922 9703 5467 5901
4 8299 5901 5467 6585
4 9631 4953 4057 39
4 198 6585 39 1952
4 5380 1952 39 7917
4 5865 3966 6202 5255
4 8425 5255 3371 8325
4 9222 5920 8325 6202
4 2191 9143 6202 1090
4 4467 4202 1886 3985
4 4907 8325 9971 3985
4 7454 3985 7116 6466
4 8746 8712 9971 5522
4 9429 5522 32 359
4 3075 359 7116 3188
4 804 32 5531 3188
4 7966 3339 3188 7956
4 7956 7010 5724 8238
4 9667 7596 9802 711
4 9221 8238 9062 1822
4 3129 711 9062 3136
4 4124 1822 4704 6724
4 4704 3136 9606 9734
4 9734 9183 9606 6724
4 2924 1347 9606 678
4 4016 7689 3428 3011
4 5908 2277 4640 4887
4 5896 3011 6700 7220
4 7220 678 9868 6700
4 6700 6421 1100 4640
4 2707 9868 170 1100
4 4208 170 3322 2343
4 7186 6243 6873 6705
4 7970 2343 7876 6705
4 849 313 9173 1256
4 6705 6574 0 3641
4 4514 3641 3694 0
4 5566 1382 3694 5047
4 6446 3694 6160 6264
4 6811 5451 8632 8196
4 2198 6160 8196 2278
4 611 9096 2467 3020
4 2278 8196 6203 5164
4 8562 3020 9459 8264
4 6203 2467 8264 5164
4 2495 5164 9573 4335
4 5277 4335 9573 6553
4 6553 4708 6659 4949
4 8517 4949 6659 8752
4 8027 6659 8908 8752
4 8908 8752 1174 1199
4 6522 6015 1157 4659
4 6726 1174 1199 7424
4 7975 6942 8133 7424
4 1179 7424 1199 9996
4 1181 9996 7386 2875
4 3818 3681 4340 9987
4 5240 4992 5860 2367
4 8711 2875 5947 4340
4 9210 9583 5947 9068
4 9328 9068 5947 4340
4 708 541 3127 1106
4 3203 1411 3412 1106
4 3127 2337 3412 5721
4 4511 3412 5721 6112
4 9038 6017 562 5721
4 5763 562 5836 5173
4 7509 7727 7521 4790
4 514 4790 7521 6022
4 1381 2062 6022 1668
4 1616 6022 825 2506
4 3031 1840 825 2506
4 4419 2506 5536 4456
4 7500 4456 3563 6478
4 355 5536 9721 8160
4 4206 2601 2025 6478
4 5157 2296 7555 8160
4 6351 5496 8667 7555
4 8864 8696 9486 4052
4 608 8202 1400 7555
4 968 9486 3105 1751
4 6492 1400 1751 2120
4 6713 1751 7877 4359
4 70 8863 4359 8139
4 8810 4359 2159 1012
4 3596 2159 2329 1409
3 2329 1012 3330
3 5198 3330 4092
3 5872 4092 6280
3 6280 6275 6051
3 8031 6864 8876
3 8876 8006 9935
3 240 8977 9995
3 955 9935 1321
3 1321 919 1843
3 2578 9995 3657
3 3657 1843 4228
3 4943 3235 4801
3 4801 4228 6263
3 8919 3809 6960
3 9269 6263 131
3 9418 6960 131
3 456 131 1062
3 3926 270 3311
3 5606 1062 3311
3 7397 5751 1640
3 6576 3311 7614
3 8089 7614 8215
3 9187 8215 9519
3 8454 7729 9519
3 500 9519 97
3 1330 97 620
3 2193 620 9600
3 2762 1750 2661
3 3939 1939 2949
3 2661 2604 2949
3 6698 5208 2949
3 8137 7995 9201
3 9699 9201 6964
3 136 6097 9332
3 439 9332 1036
3 2072 1259 1980
3 3956 673 1980
3 4534 4301 1036
3 5191 1980 5986
3 6890 5986 4796
3 8401 6761 6003
3 7663 7170 8447
3 9584 8447 9538
3 1519 9086 9538
3 2102 1475 2514
3 2694 9538 1796
3 4221 3590 1796
3 5245 4798 2772
3 6824 4942 6565
3 5482 3212 6565
3 7991 6565 6844
3 8822 8180 6844
3 956 9944 9398
3 183 24 1649
3 2399 1318 1649
3 3280 1649 3370
3 8252 2595 6352
3 6352 3370 8435
3 8568 4104 8383
3 1694 37 1279
3 1279 8383 3344
3 4387 3793 86
3 4777 3060 4635
3 4502 3344 5732
3 6450 6197 4635
3 6809 6463 5752
3 7800 6887 7674
3 7674 5732 8859
3 8859 7895 8037
3 9855 8037 1546
3 2881 1546 2891
3 2953 2891 4783
3 4783 1983 4839
3 7471 457 7554
3 7554 6302 4839
3 756 7586 487
3 1538 458 3364
3 1755 487 3364
3 5168 4595 3543
3 6959 4400 5897
3 5897 3364 6972
3 7410 6972 7320
3 8815 7724 7320
3 8314 7812 335
3 2144 9009 335
3 2608 8900 2903
3 2596 335 3052
3 4434 3052 3951
3 4596 3951 5024
3 7094 2903 5024
3 7387 6915 7206
3 8930 8766 7206
3 9094 8353 9047
3 9035 5024 9047
3 221 9047 801
3 801 462 2028
3 2956 1371 2028
3 3021 2785 3347
3 3347 2028 3875
3 6353 3875 6506
3 9215 4504 6506
3 40 9578 6506
3 1678 9838 1161
3 2892 9564 1161
3 4069 3651 1161
3 4994 2859 5066
3 6818 3789 5066
3 7078 6448 6925
3 9659 6925 7850
3 725 5066 31
3 802 7850 1453
3 2059 31 3887
3 2469 1453 3887
3 5181 4736 6148
3 5233 3887 6148
3 502 9820 6175
3 842 9709 739
3 1778 6148 1009
3 2683 739 1009
3 4291 2685 4097
3 5106 1009 4097
3 6328 4097 7557
3 7632 7557 6229
3 7959 6944 8028
3 8028 7859 8438
3 9651 8438 8737
3 325 152 8737
3 511 78 343
3 402 343 639
3 639 615 644
3 3318 644 3012
3 4549 1959 3012
3 5817 5128 6699
3 6725 6699 2169
3 8426 8022 8576
3 9015 3012 9540
3 613 9540 8576
3 229 9595 1043
3 4567 1043 4787
3 5558 1869 4787
3 5959 4787 6473
3 6473 4689 8804
3 68 9489 793
3 793 7395 848
3 5190 848 4031
3 5882 8804 6034
3 6034 4031 7971
3 7423 5676 7971
3 9227 7971 726
3 1377 8256 726
3 1807 726 1979
3 3123 1165 3555
3 3679 2242 3555
3 4880 4855 3555
3 6952 1979 4826
3 6746 4826 7314
3 7994 7314 7697
3 13 8903 7697
3 9957 7532 305
3 413 20 305
3 1167 305 252
3 3698 1892 3515
3 4969 1270 640
3 5731 3515 5850
3 5850 5443 6225
3 7430 5881 6225
3 7581 6225 9887
3 860 477 9892
3 2002 9887 1502
3 2215 153 2137
3 2137 1502 2669
3 3396 2669 4298
3 4047 2304 5951
3 6357 4298 4811
3 7176 4811 7666
3 9274 7666 8398
3 740 57 8398
3 3665 2929 346
3 3621 9475 4267
3 4173 4078 5863
3 4451 4267 5950
3 6291 5863 6095
3 6674 6563 7496
3 7826 5950 193
3 414 7496 293
3 293 6095 1369
3 1549 193 1953
3 2019 1369 2432
3 2432 1953 2358
3 2898 2358 3233
3 3246 3233 4246
3 4679 4246 4155
3 4922 4279 5146
3 7036 5146 7713
3 5161 4245 7713
3 83 9337 9524
3 7906 7713 9524
3 1416 949 3146
3 3449 2799 9524
3 4662 3146 5026
3 6210 5346 3902
3 5026 4249 6740
3 7565 6544 7804
3 7804 6740 8206
3 8206 7024 8821
3 868 8821 568
3 554 9065 568
3 1650 1504 568
3 2634 1194 2531
3 3261 2531 2751
3 3161 2751 3838
3 4314 3504 3838
3 4747 3482 3838
3 9157 3838 9234
3 9234 7194 6244
3 1516 9313 444
3 2668 2529 16
3 3748 23 444
3 3773 444 4537
3 3806 3431 4537
3 4653 4537 5387
3 6630 5714 7236
3 7197 5387 7236
3 7653 7236 8498
3 9543 8229 9294
3 1032 9294 1031
3 8675 8498 1250
3 1250 1031 1514
3 3332 1514 1532
3 4176 1532 3911
3 3911 3174 4328
3 5401 4398 4767
3 4767 4328 6294
3 7490 6258 6664
3 8277 6294 8440
3 8965 6664 9488
3 9496 9458 9488
3 1201 9810 8440
3 1296 9488 675
3 1986 1891 675
3 4001 3316 4623
3 4578 2442 4841
3 6612 4623 4914
3 6920 4841 7150
3 7559 4914 8355
3 9551 6828 8642
3 9958 8355 8642
3 1606 7150 1027
3 1027 8642 2143
3 2671 2143 2264
3 3125 2264 3880
3 4713 3513 3824
3 5199 3824 5059
3 5834 5059 5980
3 6430 5980 5373
3 6569 6510 6822
3 6744 6693 6822
3 8289 6822 8654
3 9085 8654 8727
3 8727 6852 225
3 365 225 9260
3 3407 858 9711
3 4447 3099 4144
3 4144 3747 4605
3 5641 5043 4605
3 7761 7622 4775
3 6093 5769 8177
3 8177 8067 9149
3 9858 9149 8918
3 3570 115 2328
3 4095 9022 4407
3 5097 2328 6604
3 7237 4407 7828
3 7957 6604 7828
3 8981 7828 8808
3 123 9655 185
3 185 8808 1058
3 1898 1058 9272
3 3274 2402 4562
3 4562 3547 6118
3 6118 2335 7849
3 7600 6600 8382
3 9624 9181 7849
3 1110 94 576
3 1669 9985 1865
3 576 8382 2570
3 2946 1865 2570
3 4558 1978 5098
3 4482 2570 5098
3 6126 5098 5471
3 6766 5471 6590
3 7190 7048 6398
3 8472 6590 8108
3 7721 6851 8108
3 2046 1639 8108
3 2220 8978 2205
3 2466 2205 4546
3 4325 4197 4694
3 6078 4546 4694
3 6669 6472 6090
3 6899 4694 6993
3 7315 7085 7273
3 7247 6993 7665
3 7665 7273 7868
3 8393 7868 8753
3 473 9927 8340
3 896 8806 1288
3 1288 8753 2333
3 3078 1754 3587
3 3615 2333 3587
3 4804 2582 3587
3 5812 3587 5041
3 6304 5944 6223
3 6223 5041 6711
3 7805 6711 7329
3 8734 7329 8572
3 8372 8129 9613
3 9745 8572 516
3 516 9613 899
3 1848 899 1271
3 2216 160 1271
3 4564 1271 3506
3 6774 2911 8640
3 8640 7460 22
3 1137 3506 22
3 1212 22 1313
3 1313 1192 2730
3 2549 1849 3265
3 3664 3265 3884
3 3884 2730 4172
3 5621 4172 5189
3 5800 5189 5702
3 6671 5702 6697
3 7815 7275 6697
3 6739 6560 8573
3 9948 8573 9603
3 1086 9003 9603
3 2237 9603 2199
3 3281 3038 2136
3 3439 2199 4312
3 4308 3933 4312
3 4746 4312 7121
3 7123 7121 8994
3 8996 8021 8994
3 558 8994 1699
3 1699 753 906
3 2781 906 2793
3 4217 3097 3849
3 3578 2793 5171
3 5268 3849 5134
3 6581 5134 7686
3 7686 6063 9029
3 9261 6064 9029
3 9029 7931 381
3 1461 1170 381
3 1480 550 1488
3 1656 1127 1488
3 2417 1488 2289
3 4136 2289 3782
3 4394 3782 4196
3 4818 4196 5426
3 5523 5234 5426
3 6023 4918 5426
3 6414 5426 6595
3 8084 7510 6595
3 8716 6636 8411
3 159 9844 9194
3 472 8411 9230
3 828 9230 1172
3 1172 1093 2444
3 2951 1624 2406
3 2621 2406 3381
3 3381 3131 3888
3 3888 3491 5246
3 4678 4613 6132
3 6132 5246 5253
3 7117 5253 7233
3 7400 7233 8049
3 8166 8049 8464
3 9759 8793 8464
3 279 8759 9901
3 893 217 845
3 845 9901 1814
3 1665 1627 1814
3 1867 1814 2334
3 3300 2334 3334
3 3334 2731 3442
3 3965 3442 4910
3 5736 4910 6227
3 6517 6373 6227
3 7684 6953 7788
3 7309 6529 7788
3 8987 8633 218
3 610 7788 7903
3 1836 7903 1221
3 2554 1801 2281
3 2065 1221 2987
3 2987 2281 3312
3 3312 2750 3744
3 4479 3584 4088
3 5313 3744 4932
3 5577 4088 5586
3 5398 4932 5586
3 5917 5586 6180
3 7501 6180 7969
3 9535 7969 9534
3 401 8165 651
3 1646 9534 651
3 2722 651 1184
3 3445 1184 3539
3 3539 1904 3862
3 5132 5104 3862
3 5370 4894 6586
3 6586 6417 7388
3 7371 6812 7980
3 7675 7388 8665
3 934 545 9660
3 1292 7980 1638
3 2376 2326 8665
3 2464 1638 2947
3 3216 1716 3076
3 3076 2947 3947
3 3929 3411 4428
3 5481 4428 4981
3 4981 4538 7065
3 7065 3947 7289
3 8694 5599 8638
3 8638 7672 9770
3 9846 7289 144
3 163 9770 292
3 144 9941 292
3 757 292 977
3 1935 977 1130
3 1928 1130 2087
3 3017 2087 2173
3 3807 2173 4669
3 6259 3521 4669
3 6405 4628 4669
3 7043 4669 7907
3 7902 7664 8015
3 8525 8015 8842
3 9209 7907 9356
3 9356 8934 207
3 207 8842 1120
3 1120 894 1138
3 2463 2050 1138
3 2567 1870 2480
3 3115 2990 3580
3 3580 2057 4163
3 5122 4163 6307
3 6307 2480 6409
3 7177 6805 6973
3 6973 6409 8732
3 8732 7608 9670
3 157 9089 7744
3 316 241 618
3 1331 288 691
3 3313 618 3610
3 3941 691 3610
3 3610 9670 4646
3 5804 5429 6331
3 7014 6331 4842
3 7223 4646 7962
3 8273 7274 7553
3 8776 7553 9785
3 9860 8853 9785
3 2179 643 9785
3 865 728 2227
3 2564 2227 3353
3 4392 3353 4337
3 5192 3186 5514
3 5514 3541 4337
3 6897 4337 7163
3 6541 6425 7216
3 7640 7163 7878
3 8068 7878 8409
3 8502 7216 9152
3 9491 8409 9179
3 9179 9152 862
3 862 616 1227
3 1574 819 1841
3 1841 1227 2288
3 2418 2288 3006
3 4355 1958 3753
3 3753 3006 4714
3 5182 4714 4789
3 5329 4789 5550
3 6213 5254 5550
3 6387 5550 6904
3 6904 5718 6513
3 7546 6513 8534
3 8534 7298 9100
3 9100 7795 9647
3 9367 8645 9710
3 784 9710 186
3 1809 9647 186
3 2239 186 2563
3 2563 2163 2841
3 3798 1495 2841
3 4508 4143 4634
3 4634 2841 4598
3 5658 4598 5741
3 5952 5612 6087
3 5825 5741 6087
3 7948 6629 8141
3 8310 6087 7087
3 8941 7087 9172
3 9553 9172 9870
3 9885 9617 9870
3 769 348 9232
3 378 9870 800
3 1376 800 1661
3 1615 1563 1661
3 1700 1661 2344
3 2435 2344 3209
3 3208 2689 4693
3 4693 3209 4791
3 4791 3712 5573
3 5771 5573 7091
3 7349 6484 8564
3 8564 6620 7091
3 128 9570 7091
3 383 9582 9590
3 789 719 1099
3 1403 9590 2152
3 2152 1099 3917
3 4726 4403 3917
3 6125 4986 6748
3 6748 4906 6253
3 7434 6253 8103
3 7799 7441 8103
3 9346 8103 8309
3 9555 8309 9862
3 633 9876 415
3 958 415 1131
3 1494 9862 1131
3 2012 1788 1909
3 2470 1909 1131
3 2586 2451 3213
2 4939 3213
2 5183 4211
2 5316 5294
2 6692 5409
2 6917 6701
2 7140 7060
2 7541 7459
2 7835 7758
2 7946 7580
2 8347 8086
2 9205 8493
2 9819 8064
2 203 9954
2 361 291
2 831 703
2 1180 863
2 1188 1119
2 1284 1230
2 1868 1679
2 2356 1993
2 2382 1799
2 2878 2550
2 3859 3327
2 3949 3784
2 4996 3860
2 5379 5148
2 6279 5343
2 6457 6456
2 8379 8080
2 8960 8282
2 9323 8686
2 280 9737
2 388 4
2 693 405
2 935 509
2 1105 782
2 1611 1323
2 1732 1335
2 2384 2035
2 2483 1818
2 3247 2498
2 5410 3821
2 5779 5694
2 7479 4621
2 7507 6843
2 7965 7669
2 8412 8406
2 8875 8726
2 9999 9372
2 200 7807
2 258 227
2 1046 268
2 1074 922
2 1135 1133
2 2324 1111
2 2579 2378
2 3394 2789
2 4254 3787
2 4344 4330
2 4633 4632
2 4675 4664
2 4950 4734
2 5699 5051
2 6233 5833
2 6407 6085
2 7753 7307
2 8410 7251
2 8955 8784
2 9102 8970
2 9807 8985
2 376 318
2 811 662
2 983 9663
2 1553 1029
2 2086 1987
2 2373 2311
2 2405 2386
2 3292 2541
2 3389 3386
2 3639 2942
2 4107 3922
2 5356 4461
2 5844 4979
2 6635 5977
2 6983 6500
2 8461 7667
2 8791 7791
2 9604 8523
2 9724 9636
2 9742 9701
2 342 173
2 741 491
2 2030 794
2 2508 2410
2 2715 2676
2 3827 3199
2 4371 3385
2 5177 4425
2 5327 5005
2 6434 6158
2 7322 7092
2 7399 6371
2 8491 8164
2 8602 8374
2 9148 8731
2 9186 9162
2 9557 9533
2 9717 9644
2 621 9632
2 1534 409
2 1992 1918
2 2825 872
2 3008 2883
2 3819 3756
2 4220 3866
2 4810 4369
2 5266 4273
2 5413 5187
2 6242 5885
2 6647 6254
2 7627 6420
2 7706 7340
2 8136 7820
2 8725 7992
2 9773 8872
2 69 9342
2 195 148
2 984 821
2 1063 1045
2 1329 917
2 1439 1415
2 1705 1554
2 1969 1897
2 2747 1206
2 3225 2934
2 3794 3267
2 3935 3799
2 4651 4435
2 5073 4323
2 5399 4978
2 5643 5210
2 6678 5957
2 7636 7069
2 7712 7228
2 9282 8857
2 9977 7832
2 312 9609
2 437 435
2 508 483
2 652 605
2 1731 1610
2 2166 901
2 2503 2172
2 2803 2427
2 3058 2873
2 3227 2884
2 3466 3144
2 3620 3474
2 4103 4032
2 4260 4214
2 4356 4237
2 5045 4535
2 5167 4807
2 5361 5265
2 5840 5470
2 5979 5853
2 6174 5883
2 6499 6480
2 7033 6234
2 7165 7093
2 7264 7243
2 7408 7393
2 7547 7276
2 7938 7736
2 8728 8613
2 8879 8758
2 9327 9159
2 9963 9362
2 987 179
2 1654 194
2 2330 1305
2 2996 2425
2 3636 2500
2 4372 4224
2 4822 4758
2 5340 4860
2 5508 5350
2 6654 6077
2 6675 5745
2 6901 6841
2 7172 7097
2 7793 7416
2 8142 7915
2 8395 7588
2 8570 8535
2 8770 8507
2 8780 8778
2 9070 9011
2 9822 9775
2 118 9787
2 184 111
2 209 192
2 596 303
2 2206 1142
2 2769 2556
2 3476 2170
2 3530 3082
2 4577 3984
2 4890 4732
2 4972 4891
2 6187 3879
2 7427 7059
2 7639 6853
2 8117 7789
2 8311 8144
2 9380 8786
2 9415 8877
2 482 9749
2 729 478
2 1728 1614
2 2520 1831
2 3189 3044
2 4175 3777
2 4376 4285
2 5107 5067
2 5557 5279
2 7086 6128
2 7098 6141
2 7856 7561
2 7942 7578
2 8038 7883
2 8224 8114
2 8417 8405
2 8975 8361
2 9218 8961
2 9571 9264
2 121 9931
2 230 9421
2 908 274
2 1517 1485
2 2485 1972
2 2771 1695
2 2808 2512
2 3493 2974
2 3716 2812
2 3727 3717
2 4724 4523
2 5747 4952
2 5983 5906
2 6156 5993
2 6411 6308
2 6614 5696
2 7075 6902
2 8061 7590
2 8244 7741
2 9436 8135
2 156 9556
2 781 8272
2 1625 1496
2 2098 1350
2 3685 2039
2 4470 4232
2 5483 4699
2 6177 4899
2 6559 5504
2 6833 6682
2 6937 6720
2 7077 7045
2 7483 7187
2 8002 7606
2 8075 8009
2 8462 7847
2 9793 8530
2 61 9031
2 311 256
2 507 424
2 833 574
2 1283 1177
2 1937 1749
2 2271 2110
2 2272 1226
2 2602 2532
2 3635 2827
2 4098 4063
2 4845 4333
2 5533 5213
2 5617 5304
2 6265 5870
2 6428 5727
2 6607 6545
2 7017 6429
2 7864 7730
2 8110 8011
2 8500 8220
2 8542 8045
2 8698 8561
2 8880 8797
2 81 9126
2 428 9736
2 866 682
2 1006 795
2 1326 1171
2 1634 1513
2 1696 1501
2 1917 1753
2 2231 1804
2 2447 2298
2 2657 1984
2 3059 3023
2 3307 3053
2 3690 3108
2 4427 4297
2 4876 4440
2 4966 4588
2 4980 4913
2 5158 5023
2 5262 5260
2 5382 5377
2 6026 5938
2 7068 5783
2 7337 6971
2 7533 7248
2 8159 7404
2 8494 7550
2 8635 8556
2 9357 8868
2 9498 9301
2 9686 9457
2 538 406
2 903 803
2 1622 959
2 1703 1166
2 3268 1789
2 3469 2252
2 4262 3993
2 5480 4305
2 5754 5008
2 6293 5907
2 6551 6539
2 6998 6075
2 7030 7022
2 7292 7138
2 7682 7139
2 7830 7367
2 7833 7711
2 8190 7929
2 8473 8441
2 8924 8850
2 9296 9007
2 9932 9521
2 1275 182
2 1307 9910
2 1932 1762
2 2357 2310
2 2673 2393
2 3205 2583
2 3266 2900
2 3846 3361
2 4770 3534
2 5585 5472
2 5632 4591
2 6021 5910
2 6257 6098
2 6412 6237
2 7067 6617
2 7584 7453
2 8555 7514
2 9823 8592
2 658 603
2 668 8968
2 1191 1149
2 2645 1824
2 3286 2138
2 3416 3154
2 3854 3705
2 4048 4019
2 4283 3963
2 4793 4453
2 4830 4060
2 4893 4843
2 5010 4851
2 5281 4923
2 5926 5693
2 6393 5900
2 6533 6519
2 6848 6799
2 7129 7102
2 7523 6859
2 7688 7281
2 9548 9044
2 9577 9042
2 25 9698
2 275 224
2 698 452
2 921 341
2 1612 1190
2 1878 1770
2 2385 2026
2 2899 2546
2 2928 2664
2 3169 2961
2 3591 3382
2 3803 3611
2 4236 3994
2 4571 3810
2 5430 4911
2 5640 5100
2 6222 6040
2 6961 6454
2 7071 6643
2 7574 7000
2 7985 7658
2 8541 8001
2 9189 8085
2 9311 9297
2 9861 9411
2 54 27
2 319 238
2 526 468
2 659 9914
2 746 582
2 1302 972
2 1775 886
2 2280 2153
2 2662 2656
2 3454 2709
2 3696 3619
2 3990 3523
2 4009 3719
2 5538 4691
2 5838 5809
2 6031 5828
2 6195 6119
2 6290 6185
2 6592 6334
2 6862 6509
2 7782 6923
2 7890 7852
2 8231 8000
2 8554 8334
2 9101 9059
2 9204 9146
2 9554 9229
2 9972 9270
2 412 180
2 1316 999
2 1777 1667
2 1873 1134
2 2525 2038
2 3156 2980
2 4209 3754
2 4525 3413
2 5386 4821
2 6199 5635
2 6283 5549
2 6491 6391
2 6850 6516
2 7261 6772
2 7488 7011
2 8109 7504
2 9024 8034
2 9720 8118
2 379 9933
2 422 9825
2 1087 573
2 1725 1308
2 1880 1237
2 2758 2010
2 3383 2154
2 4034 3645
2 4132 3843
2 4252 4174
2 4581 4520
2 4705 4556
2 5014 4987
2 5257 5227
2 5859 5697
2 5949 5778
2 6792 6163
2 8318 7222
2 8344 8098
2 8757 8508
2 9150 8546
2 154 9400
2 360 9336
2 911 533
2 1290 583
2 1374 986
2 1664 1401
2 1964 1915
2 2706 2431
2 3201 2858
2 3546 2733
2 3628 3340
2 4062 3643
2 4438 3788
2 5029 4976
2 5108 5049
2 5342 5153
2 5466 5406
2 5539 5527
2 5820 5619
2 7042 6631
2 7183 7005